Failed to load condition daemon /daemon/condition/findfeng, removed from obj/user#1 ("¿‰Ω£")
Error: *call_other() couldn't find object

Failed to load condition daemon /daemon/condition/findfeng, removed from obj/user#1 ("¿‰Ω£")
Error: *call_other() couldn't find object

Failed to load condition daemon /daemon/condition/findfeng, removed from obj/user#1 ("¿‰Ω£")
Error: *call_other() couldn't find object

Failed to load condition daemon /daemon/condition/findfeng, removed from obj/user#1 ("¿‰Ω£")
Error: *call_other() couldn't find object

Failed to load condition daemon /daemon/condition/findfeng, removed from obj/user#1 ("¿‰Ω£")
Error: *call_other() couldn't find object

Failed to load condition daemon /daemon/condition/findfeng, removed from obj/user#1 ("¿‰Ω£")
Error: *call_other() couldn't find object

Failed to load condition daemon /daemon/condition/findfeng, removed from obj/user#1 ("¿‰Ω£")
Error: *call_other() couldn't find object

Failed to load condition daemon /daemon/condition/findfeng, removed from obj/user#1 ("¿‰Ω£")
Error: *call_other() couldn't find object

Failed to load condition daemon /daemon/condition/findfeng, removed from obj/user#1 ("¿‰Ω£")
Error: *call_other() couldn't find object

Failed to load condition daemon /daemon/condition/findfeng, removed from obj/user#1 ("¿‰Ω£")
Error: *call_other() couldn't find object

Failed to load condition daemon /daemon/condition/findfeng, removed from obj/user#1 ("¿‰Ω£")
Error: *call_other() couldn't find object

Failed to load condition daemon /daemon/condition/findfeng, removed from obj/user#1 ("¿‰Ω£")
Error: *call_other() couldn't find object

Failed to load condition daemon /daemon/condition/findfeng, removed from obj/user#1 ("¿‰Ω£")
Error: *call_other() couldn't find object

Failed to load condition daemon /daemon/condition/findfeng, removed from obj/user#1 ("¿‰Ω£")
Error: *call_other() couldn't find object

Failed to load condition daemon /daemon/condition/findfeng, removed from obj/user#1 ("¿‰Ω£")
Error: *call_other() couldn't find object

Failed to load condition daemon /daemon/condition/findfeng, removed from obj/user#1 ("¿‰Ω£")
Error: *call_other() couldn't find object

Failed to load condition daemon /daemon/condition/findfeng, removed from obj/user#1 ("¿‰Ω£")
Error: *call_other() couldn't find object

Failed to load condition daemon /daemon/condition/findfeng, removed from obj/user#1 ("¿‰Ω£")
Error: *call_other() couldn't find object

Failed to load condition daemon /daemon/condition/findfeng, removed from obj/user#1 ("¿‰Ω£")
Error: *call_other() couldn't find object

Failed to load condition daemon /daemon/condition/findfeng, removed from obj/user#1 ("¿‰Ω£")
Error: *call_other() couldn't find object

Failed to load condition daemon /daemon/condition/findfeng, removed from obj/user#1 ("¿‰Ω£")
Error: *call_other() couldn't find object

Failed to load condition daemon /daemon/condition/findfeng, removed from obj/user#1 ("¿‰Ω£")
Error: *call_other() couldn't find object

Failed to load condition daemon /daemon/condition/findfeng, removed from obj/user#1 ("¿‰Ω£")
Error: *call_other() couldn't find object

Failed to load condition daemon /daemon/condition/findfeng, removed from obj/user#1 ("¿‰Ω£")
Error: *call_other() couldn't find object

Failed to load condition daemon /daemon/condition/findfeng, removed from obj/user#1 ("¿‰Ω£")
Error: *call_other() couldn't find object

Failed to load condition daemon /daemon/condition/findfeng, removed from obj/user#1 ("¿‰Ω£")
Error: *call_other() couldn't find object

Failed to load condition daemon /daemon/condition/findfeng, removed from obj/user#1 ("¿‰Ω£")
Error: *call_other() couldn't find object

Failed to load condition daemon /daemon/condition/findfeng, removed from obj/user#1211 ("¿‰Ω£")
Error: *call_other() couldn't find object

Failed to load condition daemon /daemon/condition/findfeng, removed from obj/user#1211 ("¿‰Ω£")
Error: *call_other() couldn't find object

Failed to load condition daemon /daemon/condition/findfeng, removed from obj/user#1211 ("¿‰Ω£")
Error: *call_other() couldn't find object

Failed to load condition daemon /daemon/condition/findfeng, removed from obj/user#2452 ("¿‰Ω£")
Error: *call_other() couldn't find object

Failed to load condition daemon /daemon/condition/findfeng, removed from obj/user#2452 ("¿‰Ω£")
Error: *call_other() couldn't find object

Failed to load condition daemon /daemon/condition/findfeng, removed from obj/user#2452 ("¿‰Ω£")
Error: *call_other() couldn't find object

Failed to load condition daemon /daemon/condition/findfeng, removed from obj/user#2452 ("¿‰Ω£")
Error: *call_other() couldn't find object

Failed to load condition daemon /daemon/condition/findfeng, removed from obj/user#2452 ("¿‰Ω£")
Error: *call_other() couldn't find object

Failed to load condition daemon /daemon/condition/findfeng, removed from obj/user#2452 ("¿‰Ω£")
Error: *call_other() couldn't find object

Failed to load condition daemon /daemon/condition/findfeng, removed from obj/user#2452 ("¿‰Ω£")
Error: *call_other() couldn't find object

Failed to load condition daemon /daemon/condition/findfeng, removed from obj/user#2452 ("¿‰Ω£")
Error: *call_other() couldn't find object

Failed to load condition daemon /daemon/condition/findfeng, removed from obj/user#2452 ("¿‰Ω£")
Error: *call_other() couldn't find object

Failed to load condition daemon /daemon/condition/findfeng, removed from obj/user#2452 ("¿‰Ω£")
Error: *call_other() couldn't find object

Failed to load condition daemon /daemon/condition/findfeng, removed from obj/user#2452 ("¿‰Ω£")
Error: *call_other() couldn't find object

Failed to load condition daemon /daemon/condition/findfeng, removed from obj/user#2452 ("¿‰Ω£")
Error: *call_other() couldn't find object

Failed to load condition daemon /daemon/condition/findfeng, removed from obj/user#2452 ("¿‰Ω£")
Error: *call_other() couldn't find object

Failed to load condition daemon /daemon/condition/findfeng, removed from obj/user#2452 ("¿‰Ω£")
Error: *call_other() couldn't find object

Failed to load condition daemon /daemon/condition/findfeng, removed from obj/user#2452 ("¿‰Ω£")
Error: *call_other() couldn't find object

Failed to load condition daemon /daemon/condition/findfeng, removed from obj/user#2452 ("¿‰Ω£")
Error: *call_other() couldn't find object

Failed to load condition daemon /daemon/condition/findfeng, removed from obj/user#2452 ("¿‰Ω£")
Error: *call_other() couldn't find object

Failed to load condition daemon /daemon/condition/findfeng, removed from obj/user#2452 ("¿‰Ω£")
Error: *call_other() couldn't find object

Failed to load condition daemon /daemon/condition/findfeng, removed from obj/user#2452 ("¿‰Ω£")
Error: *call_other() couldn't find object

Failed to load condition daemon /daemon/condition/findfeng, removed from obj/user#2452 ("¿‰Ω£")
Error: *call_other() couldn't find object

Failed to load condition daemon /daemon/condition/findfeng, removed from obj/user#2452 ("¿‰Ω£")
Error: *call_other() couldn't find object

Failed to load condition daemon /daemon/condition/findfeng, removed from obj/user#2452 ("¿‰Ω£")
Error: *call_other() couldn't find object

Failed to load condition daemon /daemon/condition/findfeng, removed from obj/user#2452 ("¿‰Ω£")
Error: *call_other() couldn't find object

Failed to load condition daemon /daemon/condition/findfeng, removed from obj/user#2452 ("¿‰Ω£")
Error: *call_other() couldn't find object

Failed to load condition daemon /daemon/condition/findfeng, removed from obj/user#2452 ("¿‰Ω£")
Error: *call_other() couldn't find object

Failed to load condition daemon /daemon/condition/findfeng, removed from obj/user#2452 ("¿‰Ω£")
Error: *call_other() couldn't find object

Failed to load condition daemon /daemon/condition/findfeng, removed from obj/user#2452 ("¿‰Ω£")
Error: *call_other() couldn't find object

Failed to load condition daemon /daemon/condition/findfeng, removed from obj/user#2452 ("¿‰Ω£")
Error: *call_other() couldn't find object

Failed to load condition daemon /daemon/condition/findfeng, removed from obj/user#2452 ("¿‰Ω£")
Error: *call_other() couldn't find object

Failed to load condition daemon /daemon/condition/findfeng, removed from obj/user#2452 ("¿‰Ω£")
Error: *call_other() couldn't find object

Failed to load condition daemon /daemon/condition/findfeng, removed from obj/user#2452 ("¿‰Ω£")
Error: *call_other() couldn't find object

Failed to load condition daemon /daemon/condition/findfeng, removed from obj/user#2452 ("¿‰Ω£")
Error: *call_other() couldn't find object

Failed to load condition daemon /daemon/condition/findfeng, removed from obj/user#2452 ("¿‰Ω£")
Error: *call_other() couldn't find object

Failed to load condition daemon /daemon/condition/findfeng, removed from obj/user#2452 ("¿‰Ω£")
Error: *call_other() couldn't find object

Failed to load condition daemon /daemon/condition/findfeng, removed from obj/user#2452 ("¿‰Ω£")
Error: *call_other() couldn't find object

Failed to load condition daemon /daemon/condition/findfeng, removed from obj/user#2452 ("¿‰Ω£")
Error: *call_other() couldn't find object

Failed to load condition daemon /daemon/condition/findfeng, removed from obj/user#2452 ("¿‰Ω£")
Error: *call_other() couldn't find object

Failed to load condition daemon /daemon/condition/findfeng, removed from obj/user#2452 ("¿‰Ω£")
Error: *call_other() couldn't find object

Failed to load condition daemon /daemon/condition/findfeng, removed from obj/user#2452 ("¿‰Ω£")
Error: *call_other() couldn't find object

Failed to load condition daemon /daemon/condition/findfeng, removed from obj/user#2452 ("¿‰Ω£")
Error: *call_other() couldn't find object

Failed to load condition daemon /daemon/condition/findfeng, removed from obj/user#2452 ("¿‰Ω£")
Error: *call_other() couldn't find object

Failed to load condition daemon /daemon/condition/findfeng, removed from obj/user#2452 ("¿‰Ω£")
Error: *call_other() couldn't find object

Failed to load condition daemon /daemon/condition/findfeng, removed from obj/user#2452 ("¿‰Ω£")
Error: *call_other() couldn't find object

Failed to load condition daemon /daemon/condition/findfeng, removed from obj/user#2452 ("¿‰Ω£")
Error: *call_other() couldn't find object

Failed to load condition daemon /daemon/condition/findfeng, removed from obj/user#2452 ("¿‰Ω£")
Error: *call_other() couldn't find object

Failed to load condition daemon /daemon/condition/findfeng, removed from obj/user#2452 ("¿‰Ω£")
Error: *call_other() couldn't find object

Failed to load condition daemon /daemon/condition/findfeng, removed from obj/user#2452 ("¿‰Ω£")
Error: *call_other() couldn't find object

Failed to load condition daemon /daemon/condition/findfeng, removed from obj/user#2452 ("¿‰Ω£")
Error: *call_other() couldn't find object

Failed to load condition daemon /daemon/condition/findfeng, removed from obj/user#2452 ("¿‰Ω£")
Error: *call_other() couldn't find object

Failed to load condition daemon /daemon/condition/findfeng, removed from obj/user#8142 ("¿‰Ω£")
Error: *call_other() couldn't find object

Failed to load condition daemon /daemon/condition/findfeng, removed from obj/user#8142 ("¿‰Ω£")
Error: *call_other() couldn't find object

Failed to load condition daemon /daemon/condition/findfeng, removed from obj/user#8142 ("¿‰Ω£")
Error: *call_other() couldn't find object

Failed to load condition daemon /daemon/condition/findfeng, removed from obj/user#8142 ("¿‰Ω£")
Error: *call_other() couldn't find object

Failed to load condition daemon /daemon/condition/findfeng, removed from obj/user#8142 ("¿‰Ω£")
Error: *call_other() couldn't find object

Failed to load condition daemon /daemon/condition/findfeng, removed from obj/user#8142 ("¿‰Ω£")
Error: *call_other() couldn't find object

Failed to load condition daemon /daemon/condition/findfeng, removed from obj/user#8142 ("¿‰Ω£")
Error: *call_other() couldn't find object

Failed to load condition daemon /daemon/condition/findfeng, removed from obj/user#8142 ("¿‰Ω£")
Error: *call_other() couldn't find object

Failed to load condition daemon /daemon/condition/findfeng, removed from obj/user#8142 ("¿‰Ω£")
Error: *call_other() couldn't find object

Failed to load condition daemon /daemon/condition/findfeng, removed from obj/user#8142 ("¿‰Ω£")
Error: *call_other() couldn't find object

Failed to load condition daemon /daemon/condition/findfeng, removed from obj/user#1 ("¿‰Ω£")
Error: *call_other() couldn't find object

Failed to load condition daemon /daemon/condition/findfeng, removed from obj/user#1 ("¿‰Ω£")
Error: *call_other() couldn't find object

Failed to load condition daemon /daemon/condition/findfeng, removed from obj/user#1 ("¿‰Ω£")
Error: *call_other() couldn't find object

Failed to load condition daemon /daemon/condition/findfeng, removed from obj/user#1 ("¿‰Ω£")
Error: *call_other() couldn't find object

Failed to load condition daemon /daemon/condition/findfeng, removed from obj/user#1 ("¿‰Ω£")
Error: *call_other() couldn't find object

Failed to load condition daemon /daemon/condition/findfeng, removed from obj/user#1 ("¿‰Ω£")
Error: *call_other() couldn't find object

Failed to load condition daemon /daemon/condition/findfeng, removed from obj/user#1 ("¿‰Ω£")
Error: *call_other() couldn't find object

Failed to load condition daemon /daemon/condition/findfeng, removed from obj/user#1 ("¿‰Ω£")
Error: *call_other() couldn't find object

Failed to load condition daemon /daemon/condition/findfeng, removed from obj/user#1 ("¿‰Ω£")
Error: *call_other() couldn't find object

Failed to load condition daemon /daemon/condition/findfeng, removed from obj/user#1 ("¿‰Ω£")
Error: *call_other() couldn't find object

Failed to load condition daemon /daemon/condition/findfeng, removed from obj/user#1 ("¿‰Ω£")
Error: *call_other() couldn't find object

Failed to load condition daemon /daemon/condition/findfeng, removed from obj/user#1 ("¿‰Ω£")
Error: *call_other() couldn't find object

Failed to load condition daemon /daemon/condition/findfeng, removed from obj/user#1 ("¿‰Ω£")
Error: *call_other() couldn't find object

Failed to load condition daemon /daemon/condition/findfeng, removed from obj/user#1 ("¿‰Ω£")
Error: *call_other() couldn't find object

Failed to load condition daemon /daemon/condition/findfeng, removed from obj/user#1 ("¿‰Ω£")
Error: *call_other() couldn't find object

Failed to load condition daemon /daemon/condition/findfeng, removed from obj/user#1 ("¿‰Ω£")
Error: *call_other() couldn't find object

Failed to load condition daemon /daemon/condition/findfeng, removed from obj/user#1 ("¿‰Ω£")
Error: *call_other() couldn't find object

Failed to load condition daemon /daemon/condition/findfeng, removed from obj/user#1 ("¿‰Ω£")
Error: *call_other() couldn't find object

Failed to load condition daemon /daemon/condition/findfeng, removed from obj/user#1 ("¿‰Ω£")
Error: *call_other() couldn't find object

Failed to load condition daemon /daemon/condition/findfeng, removed from obj/user#1 ("¿‰Ω£")
Error: *call_other() couldn't find object

Failed to load condition daemon /daemon/condition/findfeng, removed from obj/user#50 ("∫£»÷")
Error: *call_other() couldn't find object

Failed to load condition daemon /daemon/condition/findfeng, removed from obj/user#172 ("∫£»÷")
Error: *call_other() couldn't find object

Failed to load condition daemon /daemon/condition/findfeng, removed from obj/user#172 ("∫£»÷")
Error: *call_other() couldn't find object

Failed to load condition daemon /daemon/condition/findfeng, removed from obj/user#172 ("∫£»÷")
Error: *call_other() couldn't find object

Failed to load condition daemon /daemon/condition/findfeng, removed from obj/user#172 ("∫£»÷")
Error: *call_other() couldn't find object

Failed to load condition daemon /daemon/condition/bonze_jail, removed from obj/user#34316 ("∫£»÷")
Error: *call_other() couldn't find object

Failed to load condition daemon /daemon/condition/bonze_jail, removed from daemon/class/shaolin/qing-yuan#40415 ("«Â‘µ±»«")
Error: *call_other() couldn't find object

Failed to load condition daemon /daemon/condition/bonze_jail, removed from obj/user#34316 ("∫£»÷")
Error: *call_other() couldn't find object

